<?xml version="1.0" encoding="UTF-8" ?>
<testsuite tests="68" failures="0" name="adt.linkedList.DoubleLinkedListTest" time="0.021" errors="0" skipped="0">
  <properties>
    <property name="java.runtime.name" value="OpenJDK Runtime Environment"/>
    <property name="java.vm.version" value="15.0.2+7-27"/>
    <property name="sun.boot.library.path" value="C:\Users\danie\.p2\pool\plugins\org.eclipse.justj.openjdk.hotspot.jre.full.win32.x86_64_15.0.2.v20210201-0955\jre\bin"/>
    <property name="maven.multiModuleProjectDirectory" value="C:\Users\danie\OneDrive\Área de Trabalho\ead\leda\projetos\r06"/>
    <property name="java.vm.vendor" value="Oracle Corporation"/>
    <property name="java.vendor.url" value="https://java.oracle.com/"/>
    <property name="guice.disable.misplaced.annotation.check" value="true"/>
    <property name="path.separator" value=";"/>
    <property name="java.vm.name" value="OpenJDK 64-Bit Server VM"/>
    <property name="sun.os.patch.level" value=""/>
    <property name="user.script" value=""/>
    <property name="user.country" value="BR"/>
    <property name="sun.java.launcher" value="SUN_STANDARD"/>
    <property name="java.vm.specification.name" value="Java Virtual Machine Specification"/>
    <property name="user.dir" value="C:\Users\danie\OneDrive\Área de Trabalho\ead\leda\projetos\r06"/>
    <property name="java.vm.compressedOopsMode" value="32-bit"/>
    <property name="java.runtime.version" value="15.0.2+7-27"/>
    <property name="os.arch" value="amd64"/>
    <property name="java.io.tmpdir" value="C:\Users\danie\AppData\Local\Temp\"/>
    <property name="line.separator" value="
"/>
    <property name="java.vm.specification.vendor" value="Oracle Corporation"/>
    <property name="user.variant" value=""/>
    <property name="os.name" value="Windows 10"/>
    <property name="classworlds.conf" value="C:\Users\danie\eclipse-workspace\.metadata\.plugins\org.eclipse.m2e.launching\launches\m2conf9053707897723797175.tmp"/>
    <property name="sun.jnu.encoding" value="Cp1252"/>
    <property name="java.library.path" value="C:\Users\danie\.p2\pool\plugins\org.eclipse.justj.openjdk.hotspot.jre.full.win32.x86_64_15.0.2.v20210201-0955\jre\bin;C:\WINDOWS\Sun\Java\bin;C:\WINDOWS\system32;C:\WINDOWS;C:/Users/danie/.p2/pool/plugins/org.eclipse.justj.openjdk.hotspot.jre.full.win32.x86_64_15.0.2.v20210201-0955/jre/bin/server;C:/Users/danie/.p2/pool/plugins/org.eclipse.justj.openjdk.hotspot.jre.full.win32.x86_64_15.0.2.v20210201-0955/jre/bin;C:\Program Files (x86)\Common Files\Oracle\Java\javapath;C:\Program Files (x86)\Common Files\Intel\Shared Libraries\redist\intel64\compiler;C:\WINDOWS\system32;C:\WINDOWS;C:\WINDOWS\System32\Wbem;C:\WINDOWS\System32\WindowsPowerShell\v1.0\;C:\WINDOWS\System32\OpenSSH\;C:\Program Files (x86)\NVIDIA Corporation\PhysX\Common;C:\Program Files\NVIDIA Corporation\NVIDIA NvDLISR;C:\Python27;C:\WINDOWS\system32;C:\WINDOWS;C:\WINDOWS\System32\Wbem;C:\WINDOWS\System32\WindowsPowerShell\v1.0\;C:\WINDOWS\System32\OpenSSH\;C:\Program Files\Git\cmd;C:\Users\danie\AppData\Local\Microsoft\WindowsApps;;C:\Users\danie\AppData\Local\Programs\Microsoft VS Code\bin;C:\WINDOWS\system32;;."/>
    <property name="jdk.debug" value="release"/>
    <property name="java.class.version" value="59.0"/>
    <property name="java.specification.name" value="Java Platform API Specification"/>
    <property name="sun.management.compiler" value="HotSpot 64-Bit Tiered Compilers"/>
    <property name="os.version" value="10.0"/>
    <property name="user.home" value="C:\Users\danie"/>
    <property name="user.timezone" value="America/Sao_Paulo"/>
    <property name="file.encoding" value="Cp1252"/>
    <property name="java.specification.version" value="15"/>
    <property name="user.name" value="danie"/>
    <property name="java.class.path" value="C:\Users\danie\.p2\pool\plugins\org.eclipse.m2e.maven.runtime_1.16.0.20200610-1735\jars\plexus-classworlds-2.6.0.jar"/>
    <property name="java.vm.specification.version" value="15"/>
    <property name="sun.arch.data.model" value="64"/>
    <property name="sun.java.command" value="org.codehaus.plexus.classworlds.launcher.Launcher -B install"/>
    <property name="java.home" value="C:\Users\danie\.p2\pool\plugins\org.eclipse.justj.openjdk.hotspot.jre.full.win32.x86_64_15.0.2.v20210201-0955\jre"/>
    <property name="user.language" value="pt"/>
    <property name="java.specification.vendor" value="Oracle Corporation"/>
    <property name="java.vm.info" value="mixed mode"/>
    <property name="java.version" value="15.0.2"/>
    <property name="java.vendor" value="Oracle Corporation"/>
    <property name="maven.home" value="C:\Users\danie\OneDrive\Área de Trabalho\ead\leda\projetos\r06\EMBEDDED"/>
    <property name="file.separator" value="\"/>
    <property name="java.version.date" value="2021-01-19"/>
    <property name="java.vendor.url.bug" value="https://bugreport.java.com/bugreport/"/>
    <property name="sun.io.unicode.encoding" value="UnicodeLittle"/>
    <property name="sun.cpu.endian" value="little"/>
    <property name="sun.cpu.isalist" value="amd64"/>
  </properties>
  <testcase classname="adt.linkedList.DoubleLinkedListTest" name="teste01" time="0.009"/>
  <testcase classname="adt.linkedList.DoubleLinkedListTest" name="teste02" time="0"/>
  <testcase classname="adt.linkedList.DoubleLinkedListTest" name="teste03" time="0"/>
  <testcase classname="adt.linkedList.DoubleLinkedListTest" name="teste04" time="0"/>
  <testcase classname="adt.linkedList.DoubleLinkedListTest" name="teste05" time="0"/>
  <testcase classname="adt.linkedList.DoubleLinkedListTest" name="teste06" time="0"/>
  <testcase classname="adt.linkedList.DoubleLinkedListTest" name="teste07" time="0"/>
  <testcase classname="adt.linkedList.DoubleLinkedListTest" name="teste08" time="0.001"/>
  <testcase classname="adt.linkedList.DoubleLinkedListTest" name="teste09" time="0"/>
  <testcase classname="adt.linkedList.DoubleLinkedListTest" name="teste10" time="0"/>
  <testcase classname="adt.linkedList.DoubleLinkedListTest" name="teste11" time="0"/>
  <testcase classname="adt.linkedList.DoubleLinkedListTest" name="teste12" time="0"/>
  <testcase classname="adt.linkedList.DoubleLinkedListTest" name="teste13" time="0"/>
  <testcase classname="adt.linkedList.DoubleLinkedListTest" name="teste14" time="0"/>
  <testcase classname="adt.linkedList.DoubleLinkedListTest" name="teste15" time="0"/>
  <testcase classname="adt.linkedList.DoubleLinkedListTest" name="teste16" time="0.001"/>
  <testcase classname="adt.linkedList.DoubleLinkedListTest" name="teste17" time="0"/>
  <testcase classname="adt.linkedList.DoubleLinkedListTest" name="teste18" time="0"/>
  <testcase classname="adt.linkedList.DoubleLinkedListTest" name="teste19" time="0"/>
  <testcase classname="adt.linkedList.DoubleLinkedListTest" name="teste20" time="0"/>
  <testcase classname="adt.linkedList.DoubleLinkedListTest" name="teste21" time="0.001"/>
  <testcase classname="adt.linkedList.DoubleLinkedListTest" name="teste22" time="0"/>
  <testcase classname="adt.linkedList.DoubleLinkedListTest" name="teste23" time="0"/>
  <testcase classname="adt.linkedList.DoubleLinkedListTest" name="teste24" time="0"/>
  <testcase classname="adt.linkedList.DoubleLinkedListTest" name="teste25" time="0"/>
  <testcase classname="adt.linkedList.DoubleLinkedListTest" name="teste26" time="0"/>
  <testcase classname="adt.linkedList.DoubleLinkedListTest" name="teste27" time="0"/>
  <testcase classname="adt.linkedList.DoubleLinkedListTest" name="teste28" time="0"/>
  <testcase classname="adt.linkedList.DoubleLinkedListTest" name="teste29" time="0"/>
  <testcase classname="adt.linkedList.DoubleLinkedListTest" name="teste30" time="0"/>
  <testcase classname="adt.linkedList.DoubleLinkedListTest" name="teste31" time="0"/>
  <testcase classname="adt.linkedList.DoubleLinkedListTest" name="teste32" time="0"/>
  <testcase classname="adt.linkedList.DoubleLinkedListTest" name="teste33" time="0.003"/>
  <testcase classname="adt.linkedList.DoubleLinkedListTest" name="teste34" time="0"/>
  <testcase classname="adt.linkedList.DoubleLinkedListTest" name="teste35" time="0"/>
  <testcase classname="adt.linkedList.DoubleLinkedListTest" name="teste36" time="0.001"/>
  <testcase classname="adt.linkedList.DoubleLinkedListTest" name="teste37" time="0"/>
  <testcase classname="adt.linkedList.DoubleLinkedListTest" name="teste38" time="0"/>
  <testcase classname="adt.linkedList.DoubleLinkedListTest" name="teste39" time="0"/>
  <testcase classname="adt.linkedList.DoubleLinkedListTest" name="teste40" time="0.001"/>
  <testcase classname="adt.linkedList.DoubleLinkedListTest" name="teste41" time="0"/>
  <testcase classname="adt.linkedList.DoubleLinkedListTest" name="teste42" time="0"/>
  <testcase classname="adt.linkedList.DoubleLinkedListTest" name="teste43" time="0"/>
  <testcase classname="adt.linkedList.DoubleLinkedListTest" name="teste44" time="0"/>
  <testcase classname="adt.linkedList.DoubleLinkedListTest" name="teste45" time="0"/>
  <testcase classname="adt.linkedList.DoubleLinkedListTest" name="teste46" time="0"/>
  <testcase classname="adt.linkedList.DoubleLinkedListTest" name="teste47" time="0"/>
  <testcase classname="adt.linkedList.DoubleLinkedListTest" name="teste48" time="0.001"/>
  <testcase classname="adt.linkedList.DoubleLinkedListTest" name="teste49" time="0"/>
  <testcase classname="adt.linkedList.DoubleLinkedListTest" name="teste50" time="0"/>
  <testcase classname="adt.linkedList.DoubleLinkedListTest" name="teste51" time="0"/>
  <testcase classname="adt.linkedList.DoubleLinkedListTest" name="teste52" time="0.001"/>
  <testcase classname="adt.linkedList.DoubleLinkedListTest" name="teste53" time="0"/>
  <testcase classname="adt.linkedList.DoubleLinkedListTest" name="teste54" time="0"/>
  <testcase classname="adt.linkedList.DoubleLinkedListTest" name="teste55" time="0"/>
  <testcase classname="adt.linkedList.DoubleLinkedListTest" name="teste56" time="0"/>
  <testcase classname="adt.linkedList.DoubleLinkedListTest" name="teste57" time="0"/>
  <testcase classname="adt.linkedList.DoubleLinkedListTest" name="teste58" time="0"/>
  <testcase classname="adt.linkedList.DoubleLinkedListTest" name="teste59" time="0"/>
  <testcase classname="adt.linkedList.DoubleLinkedListTest" name="teste60" time="0"/>
  <testcase classname="adt.linkedList.DoubleLinkedListTest" name="teste61" time="0.001"/>
  <testcase classname="adt.linkedList.DoubleLinkedListTest" name="teste62" time="0"/>
  <testcase classname="adt.linkedList.DoubleLinkedListTest" name="teste63" time="0"/>
  <testcase classname="adt.linkedList.DoubleLinkedListTest" name="teste64" time="0"/>
  <testcase classname="adt.linkedList.DoubleLinkedListTest" name="teste65" time="0.001"/>
  <testcase classname="adt.linkedList.DoubleLinkedListTest" name="teste66" time="0"/>
  <testcase classname="adt.linkedList.DoubleLinkedListTest" name="teste67" time="0"/>
  <testcase classname="adt.linkedList.DoubleLinkedListTest" name="teste68" time="0"/>
</testsuite>