<?xml version="1.0" encoding="UTF-8" ?>
<testsuite tests="29" failures="0" name="adt.queue.QueueImplTest" time="0" errors="0" skipped="0">
  <properties>
    <property name="java.runtime.name" value="OpenJDK Runtime Environment"/>
    <property name="java.vm.version" value="15.0.2+7-27"/>
    <property name="sun.boot.library.path" value="C:\Users\danie\.p2\pool\plugins\org.eclipse.justj.openjdk.hotspot.jre.full.win32.x86_64_15.0.2.v20210201-0955\jre\bin"/>
    <property name="maven.multiModuleProjectDirectory" value="C:\Users\danie\OneDrive\Área de Trabalho\ead\leda\projetos\r06"/>
    <property name="java.vm.vendor" value="Oracle Corporation"/>
    <property name="java.vendor.url" value="https://java.oracle.com/"/>
    <property name="guice.disable.misplaced.annotation.check" value="true"/>
    <property name="path.separator" value=";"/>
    <property name="java.vm.name" value="OpenJDK 64-Bit Server VM"/>
    <property name="sun.os.patch.level" value=""/>
    <property name="user.script" value=""/>
    <property name="user.country" value="BR"/>
    <property name="sun.java.launcher" value="SUN_STANDARD"/>
    <property name="java.vm.specification.name" value="Java Virtual Machine Specification"/>
    <property name="user.dir" value="C:\Users\danie\OneDrive\Área de Trabalho\ead\leda\projetos\r06"/>
    <property name="java.vm.compressedOopsMode" value="32-bit"/>
    <property name="java.runtime.version" value="15.0.2+7-27"/>
    <property name="os.arch" value="amd64"/>
    <property name="java.io.tmpdir" value="C:\Users\danie\AppData\Local\Temp\"/>
    <property name="line.separator" value="
"/>
    <property name="java.vm.specification.vendor" value="Oracle Corporation"/>
    <property name="user.variant" value=""/>
    <property name="os.name" value="Windows 10"/>
    <property name="classworlds.conf" value="C:\Users\danie\eclipse-workspace\.metadata\.plugins\org.eclipse.m2e.launching\launches\m2conf9053707897723797175.tmp"/>
    <property name="sun.jnu.encoding" value="Cp1252"/>
    <property name="java.library.path" value="C:\Users\danie\.p2\pool\plugins\org.eclipse.justj.openjdk.hotspot.jre.full.win32.x86_64_15.0.2.v20210201-0955\jre\bin;C:\WINDOWS\Sun\Java\bin;C:\WINDOWS\system32;C:\WINDOWS;C:/Users/danie/.p2/pool/plugins/org.eclipse.justj.openjdk.hotspot.jre.full.win32.x86_64_15.0.2.v20210201-0955/jre/bin/server;C:/Users/danie/.p2/pool/plugins/org.eclipse.justj.openjdk.hotspot.jre.full.win32.x86_64_15.0.2.v20210201-0955/jre/bin;C:\Program Files (x86)\Common Files\Oracle\Java\javapath;C:\Program Files (x86)\Common Files\Intel\Shared Libraries\redist\intel64\compiler;C:\WINDOWS\system32;C:\WINDOWS;C:\WINDOWS\System32\Wbem;C:\WINDOWS\System32\WindowsPowerShell\v1.0\;C:\WINDOWS\System32\OpenSSH\;C:\Program Files (x86)\NVIDIA Corporation\PhysX\Common;C:\Program Files\NVIDIA Corporation\NVIDIA NvDLISR;C:\Python27;C:\WINDOWS\system32;C:\WINDOWS;C:\WINDOWS\System32\Wbem;C:\WINDOWS\System32\WindowsPowerShell\v1.0\;C:\WINDOWS\System32\OpenSSH\;C:\Program Files\Git\cmd;C:\Users\danie\AppData\Local\Microsoft\WindowsApps;;C:\Users\danie\AppData\Local\Programs\Microsoft VS Code\bin;C:\WINDOWS\system32;;."/>
    <property name="jdk.debug" value="release"/>
    <property name="java.class.version" value="59.0"/>
    <property name="java.specification.name" value="Java Platform API Specification"/>
    <property name="sun.management.compiler" value="HotSpot 64-Bit Tiered Compilers"/>
    <property name="os.version" value="10.0"/>
    <property name="user.home" value="C:\Users\danie"/>
    <property name="user.timezone" value="America/Sao_Paulo"/>
    <property name="file.encoding" value="Cp1252"/>
    <property name="java.specification.version" value="15"/>
    <property name="user.name" value="danie"/>
    <property name="java.class.path" value="C:\Users\danie\.p2\pool\plugins\org.eclipse.m2e.maven.runtime_1.16.0.20200610-1735\jars\plexus-classworlds-2.6.0.jar"/>
    <property name="java.vm.specification.version" value="15"/>
    <property name="sun.arch.data.model" value="64"/>
    <property name="sun.java.command" value="org.codehaus.plexus.classworlds.launcher.Launcher -B install"/>
    <property name="java.home" value="C:\Users\danie\.p2\pool\plugins\org.eclipse.justj.openjdk.hotspot.jre.full.win32.x86_64_15.0.2.v20210201-0955\jre"/>
    <property name="user.language" value="pt"/>
    <property name="java.specification.vendor" value="Oracle Corporation"/>
    <property name="java.vm.info" value="mixed mode"/>
    <property name="java.version" value="15.0.2"/>
    <property name="java.vendor" value="Oracle Corporation"/>
    <property name="maven.home" value="C:\Users\danie\OneDrive\Área de Trabalho\ead\leda\projetos\r06\EMBEDDED"/>
    <property name="file.separator" value="\"/>
    <property name="java.version.date" value="2021-01-19"/>
    <property name="java.vendor.url.bug" value="https://bugreport.java.com/bugreport/"/>
    <property name="sun.io.unicode.encoding" value="UnicodeLittle"/>
    <property name="sun.cpu.endian" value="little"/>
    <property name="sun.cpu.isalist" value="amd64"/>
  </properties>
  <testcase classname="adt.queue.QueueImplTest" name="test01" time="0"/>
  <testcase classname="adt.queue.QueueImplTest" name="test02" time="0"/>
  <testcase classname="adt.queue.QueueImplTest" name="test03" time="0"/>
  <testcase classname="adt.queue.QueueImplTest" name="test04" time="0"/>
  <testcase classname="adt.queue.QueueImplTest" name="test05" time="0"/>
  <testcase classname="adt.queue.QueueImplTest" name="test06" time="0"/>
  <testcase classname="adt.queue.QueueImplTest" name="test07" time="0"/>
  <testcase classname="adt.queue.QueueImplTest" name="test08" time="0"/>
  <testcase classname="adt.queue.QueueImplTest" name="test09" time="0"/>
  <testcase classname="adt.queue.QueueImplTest" name="test10" time="0"/>
  <testcase classname="adt.queue.QueueImplTest" name="test11" time="0"/>
  <testcase classname="adt.queue.QueueImplTest" name="test12" time="0"/>
  <testcase classname="adt.queue.QueueImplTest" name="test13" time="0"/>
  <testcase classname="adt.queue.QueueImplTest" name="test14" time="0"/>
  <testcase classname="adt.queue.QueueImplTest" name="test15" time="0"/>
  <testcase classname="adt.queue.QueueImplTest" name="test16" time="0"/>
  <testcase classname="adt.queue.QueueImplTest" name="test17" time="0"/>
  <testcase classname="adt.queue.QueueImplTest" name="test18" time="0"/>
  <testcase classname="adt.queue.QueueImplTest" name="test19" time="0"/>
  <testcase classname="adt.queue.QueueImplTest" name="test20" time="0"/>
  <testcase classname="adt.queue.QueueImplTest" name="test21" time="0"/>
  <testcase classname="adt.queue.QueueImplTest" name="test22" time="0"/>
  <testcase classname="adt.queue.QueueImplTest" name="test23" time="0"/>
  <testcase classname="adt.queue.QueueImplTest" name="test24" time="0"/>
  <testcase classname="adt.queue.QueueImplTest" name="test25" time="0"/>
  <testcase classname="adt.queue.QueueImplTest" name="test26" time="0"/>
  <testcase classname="adt.queue.QueueImplTest" name="test27" time="0"/>
  <testcase classname="adt.queue.QueueImplTest" name="test28" time="0"/>
  <testcase classname="adt.queue.QueueImplTest" name="test29" time="0"/>
</testsuite>